<?xml version="1.0" encoding="UTF-8"?>
<testng-results skipped="0" failed="1" ignored="0" total="1" passed="0">
  <reporter-output>
  </reporter-output>
  <suite name="Suite" duration-ms="40086" started-at="2020-03-03T08:38:16Z" finished-at="2020-03-03T08:38:56Z">
    <groups>
    </groups>
    <test name="Test" duration-ms="40086" started-at="2020-03-03T08:38:16Z" finished-at="2020-03-03T08:38:56Z">
      <class name="com.dxc.TestCases.Testcases">
        <test-method status="PASS" signature="BeforeSuite()[pri:0, instance:com.dxc.TestCases.Testcases@50b472aa]" name="BeforeSuite" is-config="true" duration-ms="35" started-at="2020-03-03T14:08:16Z" finished-at="2020-03-03T14:08:16Z">
          <reporter-output>
          </reporter-output>
        </test-method> <!-- BeforeSuite -->
        <test-method status="PASS" signature="BeforeTest()[pri:0, instance:com.dxc.TestCases.Testcases@50b472aa]" name="BeforeTest" is-config="true" duration-ms="0" started-at="2020-03-03T14:08:16Z" finished-at="2020-03-03T14:08:16Z">
          <reporter-output>
          </reporter-output>
        </test-method> <!-- BeforeTest -->
        <test-method status="PASS" signature="BeforeClass()[pri:0, instance:com.dxc.TestCases.Testcases@50b472aa]" name="BeforeClass" is-config="true" duration-ms="0" started-at="2020-03-03T14:08:16Z" finished-at="2020-03-03T14:08:16Z">
          <reporter-output>
          </reporter-output>
        </test-method> <!-- BeforeClass -->
        <test-method status="PASS" signature="BeforeMethod()[pri:0, instance:com.dxc.TestCases.Testcases@50b472aa]" name="BeforeMethod" is-config="true" duration-ms="35613" started-at="2020-03-03T14:08:16Z" finished-at="2020-03-03T14:08:52Z">
          <reporter-output>
          </reporter-output>
        </test-method> <!-- BeforeMethod -->
        <test-method status="FAIL" signature="navigateToLandingPage()[pri:0, instance:com.dxc.TestCases.Testcases@50b472aa]" name="navigateToLandingPage" duration-ms="3181" started-at="2020-03-03T14:08:52Z" finished-at="2020-03-03T14:08:55Z">
          <exception class="java.lang.NullPointerException">
            <full-stacktrace>
              <![CDATA[java.lang.NullPointerException
	at org.openqa.selenium.support.ui.FluentWait.until(FluentWait.java:248)
	at com.dxc.PageObjects.BasePage.waitForPageLoad(BasePage.java:37)
	at com.dxc.PageObjects.BasePage.openPage(BasePage.java:26)
	at com.dxc.PageObjects.LanguageSelectionPage.clickLanguageButton(LanguageSelectionPage.java:19)
	at com.dxc.TestCases.Testcases.navigateToLandingPage(Testcases.java:14)
	at sun.reflect.NativeMethodAccessorImpl.invoke0(Native Method)
	at sun.reflect.NativeMethodAccessorImpl.invoke(NativeMethodAccessorImpl.java:62)
	at sun.reflect.DelegatingMethodAccessorImpl.invoke(DelegatingMethodAccessorImpl.java:43)
	at java.lang.reflect.Method.invoke(Method.java:498)
	at org.testng.internal.MethodInvocationHelper.invokeMethod(MethodInvocationHelper.java:108)
	at org.testng.internal.Invoker.invokeMethod(Invoker.java:661)
	at org.testng.internal.Invoker.invokeTestMethod(Invoker.java:869)
	at org.testng.internal.Invoker.invokeTestMethods(Invoker.java:1193)
	at org.testng.internal.TestMethodWorker.invokeTestMethods(TestMethodWorker.java:126)
	at org.testng.internal.TestMethodWorker.run(TestMethodWorker.java:109)
	at org.testng.TestRunner.privateRun(TestRunner.java:744)
	at org.testng.TestRunner.run(TestRunner.java:602)
	at org.testng.SuiteRunner.runTest(SuiteRunner.java:380)
	at org.testng.SuiteRunner.runSequentially(SuiteRunner.java:375)
	at org.testng.SuiteRunner.privateRun(SuiteRunner.java:340)
	at org.testng.SuiteRunner.run(SuiteRunner.java:289)
	at org.testng.SuiteRunnerWorker.runSuite(SuiteRunnerWorker.java:52)
	at org.testng.SuiteRunnerWorker.run(SuiteRunnerWorker.java:86)
	at org.testng.TestNG.runSuitesSequentially(TestNG.java:1301)
	at org.testng.TestNG.runSuitesLocally(TestNG.java:1226)
	at org.testng.TestNG.runSuites(TestNG.java:1144)
	at org.testng.TestNG.run(TestNG.java:1115)
	at org.testng.remote.AbstractRemoteTestNG.run(AbstractRemoteTestNG.java:114)
	at org.testng.remote.RemoteTestNG.initAndRun(RemoteTestNG.java:251)
	at org.testng.remote.RemoteTestNG.main(RemoteTestNG.java:77)
]]>
            </full-stacktrace>
          </exception> <!-- java.lang.NullPointerException -->
          <reporter-output>
          </reporter-output>
        </test-method> <!-- navigateToLandingPage -->
        <test-method status="PASS" signature="AfterMethod()[pri:0, instance:com.dxc.TestCases.Testcases@50b472aa]" name="AfterMethod" is-config="true" duration-ms="1250" started-at="2020-03-03T14:08:55Z" finished-at="2020-03-03T14:08:56Z">
          <reporter-output>
          </reporter-output>
        </test-method> <!-- AfterMethod -->
        <test-method status="PASS" signature="AfterClass()[pri:0, instance:com.dxc.TestCases.Testcases@50b472aa]" name="AfterClass" is-config="true" duration-ms="0" started-at="2020-03-03T14:08:56Z" finished-at="2020-03-03T14:08:56Z">
          <reporter-output>
          </reporter-output>
        </test-method> <!-- AfterClass -->
        <test-method status="PASS" signature="AfterTest()[pri:0, instance:com.dxc.TestCases.Testcases@50b472aa]" name="AfterTest" is-config="true" duration-ms="1" started-at="2020-03-03T14:08:56Z" finished-at="2020-03-03T14:08:56Z">
          <reporter-output>
          </reporter-output>
        </test-method> <!-- AfterTest -->
        <test-method status="PASS" signature="AfterSuite()[pri:0, instance:com.dxc.TestCases.Testcases@50b472aa]" name="AfterSuite" is-config="true" duration-ms="1" started-at="2020-03-03T14:08:56Z" finished-at="2020-03-03T14:08:56Z">
          <reporter-output>
          </reporter-output>
        </test-method> <!-- AfterSuite -->
      </class> <!-- com.dxc.TestCases.Testcases -->
    </test> <!-- Test -->
  </suite> <!-- Suite -->
</testng-results>
