<?xml version="1.0" encoding="UTF-8"?>
<!-- Generated by org.testng.reporters.JUnitXMLReporter -->
<testsuite hostname="INGUEUCLP000402" ignored="0" name="Test" tests="1" failures="1" timestamp="03 Mar 2020 08:38:56 GMT" time="40.086" errors="0">
  <testcase name="navigateToLandingPage" time="3.181" classname="com.dxc.TestCases.Testcases">
    <failure type="java.lang.NullPointerException">
      <![CDATA[java.lang.NullPointerException
	at org.openqa.selenium.support.ui.FluentWait.until(FluentWait.java:248)
	at com.dxc.PageObjects.BasePage.waitForPageLoad(BasePage.java:37)
	at com.dxc.PageObjects.BasePage.openPage(BasePage.java:26)
	at com.dxc.PageObjects.LanguageSelectionPage.clickLanguageButton(LanguageSelectionPage.java:19)
	at com.dxc.TestCases.Testcases.navigateToLandingPage(Testcases.java:14)
... Removed 25 stack frames]]>
    </failure>
  </testcase> <!-- navigateToLandingPage -->
</testsuite> <!-- Test -->
